<?xml version="1.0" encoding="UTF-8"?>
<!-- Generated by org.testng.reporters.JUnitReportReporter -->
<testsuite hostname="Maheshs-MacBook-Air.local" name="com.expedia.testartifcat.TestNG_TestSuite" tests="1" failures="0" timestamp="14 Jun 2016 08:18:17 GMT" time="0.002" errors="1">
  <testcase name="fillBasicInfo" time="0.002" classname="com.expedia.testartifcat.TestNG_TestSuite">
    <error type="org.openqa.selenium.WebDriverException" message="Failed to connect to binary FirefoxBinary(/Applications/Firefox.app/Contents/MacOS/firefox-bin) on port 7055; process output follows: 
74-a285-3208198ce6fd}&quot;,&quot;syncGUID&quot;:&quot;uHGP3F5I28ZK&quot;,&quot;location&quot;:&quot;app-global&quot;,&quot;version&quot;:&quot;46.0.1&quot;,&quot;type&quot;:&quot;theme&quot;,&quot;internalName&quot;:&quot;classic/1.0&quot;,&quot;updateURL&quot;:null,&quot;updateKey&quot;:null,&quot;optionsURL&quot;:null,&quot;optionsType&quot;:null,&quot;aboutURL&quot;:null,&quot;icons&quot;:{&quot;32&quot;:&quot;icon.png&quot;,&quot;48&quot;:&quot;icon.png&quot;},&quot;iconURL&quot;:null,&quot;icon64URL&quot;:null,&quot;defaultLocale&quot;:{&quot;name&quot;:&quot;Default&quot;,&quot;description&quot;:&quot;The default theme.&quot;,&quot;creator&quot;:&quot;Mozilla&quot;,&quot;homepageURL&quot;:null,&quot;contributors&quot;:[&quot;Mozilla Contributors&quot;]},&quot;visible&quot;:true,&quot;active&quot;:true,&quot;userDisabled&quot;:false,&quot;appDisabled&quot;:false,&quot;descriptor&quot;:&quot;/Applications/Firefox.app/Contents/Resources/browser/extensions/{972ce4c6-7e08-4474-a285-3208198ce6fd}.xpi&quot;,&quot;installDate&quot;:1462240482000,&quot;updateDate&quot;:1462240482000,&quot;applyBackgroundUpdates&quot;:1,&quot;skinnable&quot;:true,&quot;size&quot;:7140,&quot;sourceURI&quot;:null,&quot;releaseNotesURI&quot;:null,&quot;softDisabled&quot;:false,&quot;foreignInstall&quot;:false,&quot;hasBinaryComponents&quot;:false,&quot;strictCompatibility&quot;:true,&quot;locales&quot;:[],&quot;targetApplications&quot;:[{&quot;id&quot;:&quot;{ec8030f7-c20a-464f-9b0e-13a3a9e97384}&quot;,&quot;minVersion&quot;:&quot;46.0.1&quot;,&quot;maxVersion&quot;:&quot;46.0.1&quot;}],&quot;targetPlatforms&quot;:[],&quot;seen&quot;:true}
1465892252960	addons.xpi	DEBUG	getModTime: Recursive scan of {972ce4c6-7e08-4474-a285-3208198ce6fd}
1465892252961	DeferredSave.extensions.json	DEBUG	Save changes
1465892252961	addons.xpi	DEBUG	Updating database with changes to installed add-ons
1465892252961	addons.xpi-utils	DEBUG	Updating add-on states
1465892252962	addons.xpi-utils	DEBUG	Writing add-ons list
1465892252963	addons.xpi	DEBUG	Registering manifest for /Applications/Firefox.app/Contents/Resources/browser/features/e10srollout@mozilla.org.xpi
1465892252964	addons.xpi	DEBUG	Calling bootstrap method startup on e10srollout@mozilla.org version 1.0
1465892252964	addons.xpi	DEBUG	Registering manifest for /Applications/Firefox.app/Contents/Resources/browser/features/firefox@getpocket.com.xpi
1465892252964	addons.xpi	DEBUG	Calling bootstrap method startup on firefox@getpocket.com version 1.0
1465892252965	addons.xpi	DEBUG	Registering manifest for /Applications/Firefox.app/Contents/Resources/browser/features/loop@mozilla.org.xpi
1465892252966	addons.xpi	DEBUG	Calling bootstrap method startup on loop@mozilla.org version 1.2.6
1465892252985	addons.manager	DEBUG	Registering shutdown blocker for XPIProvider
1465892252985	addons.manager	DEBUG	Provider finished startup: XPIProvider
1465892252985	addons.manager	DEBUG	Starting provider: LightweightThemeManager
1465892252985	addons.manager	DEBUG	Registering shutdown blocker for LightweightThemeManager
1465892252985	addons.manager	DEBUG	Provider finished startup: LightweightThemeManager
1465892252986	addons.manager	DEBUG	Starting provider: GMPProvider
1465892252990	addons.manager	DEBUG	Registering shutdown blocker for GMPProvider
1465892252991	addons.manager	DEBUG	Provider finished startup: GMPProvider
1465892252991	addons.manager	DEBUG	Starting provider: PluginProvider
1465892252991	addons.manager	DEBUG	Registering shutdown blocker for PluginProvider
1465892252991	addons.manager	DEBUG	Provider finished startup: PluginProvider
1465892252992	addons.manager	DEBUG	Completed startup sequence
1465892253342	addons.manager	DEBUG	Starting provider: &lt;unnamed-provider&gt;
1465892253342	addons.manager	DEBUG	Registering shutdown blocker for &lt;unnamed-provider&gt;
1465892253342	addons.manager	DEBUG	Provider finished startup: &lt;unnamed-provider&gt;
1465892253348	DeferredSave.extensions.json	DEBUG	Starting write
1465892253597	addons.repository	DEBUG	No addons.json found.
1465892253597	DeferredSave.addons.json	DEBUG	Save changes
1465892253599	DeferredSave.addons.json	DEBUG	Starting timer
1465892253631	addons.manager	DEBUG	Starting provider: PreviousExperimentProvider
1465892253631	addons.manager	DEBUG	Registering shutdown blocker for PreviousExperimentProvider
1465892253631	addons.manager	DEBUG	Provider finished startup: PreviousExperimentProvider
1465892253635	DeferredSave.extensions.json	DEBUG	Write succeeded
1465892253636	addons.xpi-utils	DEBUG	XPI Database saved, setting schema version preference to 17
1465892253655	DeferredSave.addons.json	DEBUG	Starting write
1465892253672	DeferredSave.addons.json	DEBUG	Write succeeded

Build info: version: &#039;2.46.0&#039;, revision: &#039;61506a4624b13675f24581e453592342b7485d71&#039;, time: &#039;2015-06-04 10:22:50&#039;
System info: host: &#039;Maheshs-MacBook-Air.local&#039;, ip: &#039;192.168.0.101&#039;, os.name: &#039;Mac OS X&#039;, os.arch: &#039;x86_64&#039;, os.version: &#039;10.11.5&#039;, java.version: &#039;1.8.0_65&#039;
Driver info: driver.version: FirefoxDriver">
      <![CDATA[org.openqa.selenium.WebDriverException: Failed to connect to binary FirefoxBinary(/Applications/Firefox.app/Contents/MacOS/firefox-bin) on port 7055; process output follows: 
74-a285-3208198ce6fd}","syncGUID":"uHGP3F5I28ZK","location":"app-global","version":"46.0.1","type":"theme","internalName":"classic/1.0","updateURL":null,"updateKey":null,"optionsURL":null,"optionsType":null,"aboutURL":null,"icons":{"32":"icon.png","48":"icon.png"},"iconURL":null,"icon64URL":null,"defaultLocale":{"name":"Default","description":"The default theme.","creator":"Mozilla","homepageURL":null,"contributors":["Mozilla Contributors"]},"visible":true,"active":true,"userDisabled":false,"appDisabled":false,"descriptor":"/Applications/Firefox.app/Contents/Resources/browser/extensions/{972ce4c6-7e08-4474-a285-3208198ce6fd}.xpi","installDate":1462240482000,"updateDate":1462240482000,"applyBackgroundUpdates":1,"skinnable":true,"size":7140,"sourceURI":null,"releaseNotesURI":null,"softDisabled":false,"foreignInstall":false,"hasBinaryComponents":false,"strictCompatibility":true,"locales":[],"targetApplications":[{"id":"{ec8030f7-c20a-464f-9b0e-13a3a9e97384}","minVersion":"46.0.1","maxVersion":"46.0.1"}],"targetPlatforms":[],"seen":true}
1465892252960	addons.xpi	DEBUG	getModTime: Recursive scan of {972ce4c6-7e08-4474-a285-3208198ce6fd}
1465892252961	DeferredSave.extensions.json	DEBUG	Save changes
1465892252961	addons.xpi	DEBUG	Updating database with changes to installed add-ons
1465892252961	addons.xpi-utils	DEBUG	Updating add-on states
1465892252962	addons.xpi-utils	DEBUG	Writing add-ons list
1465892252963	addons.xpi	DEBUG	Registering manifest for /Applications/Firefox.app/Contents/Resources/browser/features/e10srollout@mozilla.org.xpi
1465892252964	addons.xpi	DEBUG	Calling bootstrap method startup on e10srollout@mozilla.org version 1.0
1465892252964	addons.xpi	DEBUG	Registering manifest for /Applications/Firefox.app/Contents/Resources/browser/features/firefox@getpocket.com.xpi
1465892252964	addons.xpi	DEBUG	Calling bootstrap method startup on firefox@getpocket.com version 1.0
1465892252965	addons.xpi	DEBUG	Registering manifest for /Applications/Firefox.app/Contents/Resources/browser/features/loop@mozilla.org.xpi
1465892252966	addons.xpi	DEBUG	Calling bootstrap method startup on loop@mozilla.org version 1.2.6
1465892252985	addons.manager	DEBUG	Registering shutdown blocker for XPIProvider
1465892252985	addons.manager	DEBUG	Provider finished startup: XPIProvider
1465892252985	addons.manager	DEBUG	Starting provider: LightweightThemeManager
1465892252985	addons.manager	DEBUG	Registering shutdown blocker for LightweightThemeManager
1465892252985	addons.manager	DEBUG	Provider finished startup: LightweightThemeManager
1465892252986	addons.manager	DEBUG	Starting provider: GMPProvider
1465892252990	addons.manager	DEBUG	Registering shutdown blocker for GMPProvider
1465892252991	addons.manager	DEBUG	Provider finished startup: GMPProvider
1465892252991	addons.manager	DEBUG	Starting provider: PluginProvider
1465892252991	addons.manager	DEBUG	Registering shutdown blocker for PluginProvider
1465892252991	addons.manager	DEBUG	Provider finished startup: PluginProvider
1465892252992	addons.manager	DEBUG	Completed startup sequence
1465892253342	addons.manager	DEBUG	Starting provider: <unnamed-provider>
1465892253342	addons.manager	DEBUG	Registering shutdown blocker for <unnamed-provider>
1465892253342	addons.manager	DEBUG	Provider finished startup: <unnamed-provider>
1465892253348	DeferredSave.extensions.json	DEBUG	Starting write
1465892253597	addons.repository	DEBUG	No addons.json found.
1465892253597	DeferredSave.addons.json	DEBUG	Save changes
1465892253599	DeferredSave.addons.json	DEBUG	Starting timer
1465892253631	addons.manager	DEBUG	Starting provider: PreviousExperimentProvider
1465892253631	addons.manager	DEBUG	Registering shutdown blocker for PreviousExperimentProvider
1465892253631	addons.manager	DEBUG	Provider finished startup: PreviousExperimentProvider
1465892253635	DeferredSave.extensions.json	DEBUG	Write succeeded
1465892253636	addons.xpi-utils	DEBUG	XPI Database saved, setting schema version preference to 17
1465892253655	DeferredSave.addons.json	DEBUG	Starting write
1465892253672	DeferredSave.addons.json	DEBUG	Write succeeded

Build info: version: '2.46.0', revision: '61506a4624b13675f24581e453592342b7485d71', time: '2015-06-04 10:22:50'
System info: host: 'Maheshs-MacBook-Air.local', ip: '192.168.0.101', os.name: 'Mac OS X', os.arch: 'x86_64', os.version: '10.11.5', java.version: '1.8.0_65'
Driver info: driver.version: FirefoxDriver
	at org.openqa.selenium.firefox.internal.NewProfileExtensionConnection.start(NewProfileExtensionConnection.java:132)
	at org.openqa.selenium.firefox.FirefoxDriver.startClient(FirefoxDriver.java:275)
	at org.openqa.selenium.remote.RemoteWebDriver.<init>(RemoteWebDriver.java:116)
	at org.openqa.selenium.firefox.FirefoxDriver.<init>(FirefoxDriver.java:220)
	at org.openqa.selenium.firefox.FirefoxDriver.<init>(FirefoxDriver.java:215)
	at org.openqa.selenium.firefox.FirefoxDriver.<init>(FirefoxDriver.java:211)
	at org.openqa.selenium.firefox.FirefoxDriver.<init>(FirefoxDriver.java:124)
	at com.expedia.testartifcat.TestNG_TestSuite.beforeClass(TestNG_TestSuite.java:22)
	at sun.reflect.NativeMethodAccessorImpl.invoke0(Native Method)
	at sun.reflect.NativeMethodAccessorImpl.invoke(NativeMethodAccessorImpl.java:62)
	at sun.reflect.DelegatingMethodAccessorImpl.invoke(DelegatingMethodAccessorImpl.java:43)
	at java.lang.reflect.Method.invoke(Method.java:497)
	at org.testng.internal.MethodInvocationHelper.invokeMethod(MethodInvocationHelper.java:86)
	at org.testng.internal.Invoker.invokeConfigurationMethod(Invoker.java:514)
	at org.testng.internal.Invoker.invokeConfigurations(Invoker.java:215)
	at org.testng.internal.Invoker.invokeConfigurations(Invoker.java:142)
	at org.testng.internal.TestMethodWorker.invokeBeforeClassMethods(TestMethodWorker.java:178)
	at org.testng.internal.TestMethodWorker.run(TestMethodWorker.java:108)
	at org.testng.TestRunner.privateRun(TestRunner.java:782)
	at org.testng.TestRunner.run(TestRunner.java:632)
	at org.testng.SuiteRunner.runTest(SuiteRunner.java:366)
	at org.testng.SuiteRunner.runSequentially(SuiteRunner.java:361)
	at org.testng.SuiteRunner.privateRun(SuiteRunner.java:319)
	at org.testng.SuiteRunner.run(SuiteRunner.java:268)
	at org.testng.SuiteRunnerWorker.runSuite(SuiteRunnerWorker.java:52)
	at org.testng.SuiteRunnerWorker.run(SuiteRunnerWorker.java:86)
	at org.testng.TestNG.runSuitesSequentially(TestNG.java:1244)
	at org.testng.TestNG.runSuitesLocally(TestNG.java:1169)
	at org.testng.TestNG.run(TestNG.java:1064)
	at org.testng.remote.AbstractRemoteTestNG.run(AbstractRemoteTestNG.java:126)
	at org.testng.remote.RemoteTestNG.initAndRun(RemoteTestNG.java:137)
	at org.testng.remote.RemoteTestNG.main(RemoteTestNG.java:58)
Caused by: org.openqa.selenium.firefox.NotConnectedException: Unable to connect to host 127.0.0.1 on port 7055 after 45000 ms. Firefox console output:
74-a285-3208198ce6fd}","syncGUID":"uHGP3F5I28ZK","location":"app-global","version":"46.0.1","type":"theme","internalName":"classic/1.0","updateURL":null,"updateKey":null,"optionsURL":null,"optionsType":null,"aboutURL":null,"icons":{"32":"icon.png","48":"icon.png"},"iconURL":null,"icon64URL":null,"defaultLocale":{"name":"Default","description":"The default theme.","creator":"Mozilla","homepageURL":null,"contributors":["Mozilla Contributors"]},"visible":true,"active":true,"userDisabled":false,"appDisabled":false,"descriptor":"/Applications/Firefox.app/Contents/Resources/browser/extensions/{972ce4c6-7e08-4474-a285-3208198ce6fd}.xpi","installDate":1462240482000,"updateDate":1462240482000,"applyBackgroundUpdates":1,"skinnable":true,"size":7140,"sourceURI":null,"releaseNotesURI":null,"softDisabled":false,"foreignInstall":false,"hasBinaryComponents":false,"strictCompatibility":true,"locales":[],"targetApplications":[{"id":"{ec8030f7-c20a-464f-9b0e-13a3a9e97384}","minVersion":"46.0.1","maxVersion":"46.0.1"}],"targetPlatforms":[],"seen":true}
1465892252960	addons.xpi	DEBUG	getModTime: Recursive scan of {972ce4c6-7e08-4474-a285-3208198ce6fd}
1465892252961	DeferredSave.extensions.json	DEBUG	Save changes
1465892252961	addons.xpi	DEBUG	Updating database with changes to installed add-ons
1465892252961	addons.xpi-utils	DEBUG	Updating add-on states
1465892252962	addons.xpi-utils	DEBUG	Writing add-ons list
1465892252963	addons.xpi	DEBUG	Registering manifest for /Applications/Firefox.app/Contents/Resources/browser/features/e10srollout@mozilla.org.xpi
1465892252964	addons.xpi	DEBUG	Calling bootstrap method startup on e10srollout@mozilla.org version 1.0
1465892252964	addons.xpi	DEBUG	Registering manifest for /Applications/Firefox.app/Contents/Resources/browser/features/firefox@getpocket.com.xpi
1465892252964	addons.xpi	DEBUG	Calling bootstrap method startup on firefox@getpocket.com version 1.0
1465892252965	addons.xpi	DEBUG	Registering manifest for /Applications/Firefox.app/Contents/Resources/browser/features/loop@mozilla.org.xpi
1465892252966	addons.xpi	DEBUG	Calling bootstrap method startup on loop@mozilla.org version 1.2.6
1465892252985	addons.manager	DEBUG	Registering shutdown blocker for XPIProvider
1465892252985	addons.manager	DEBUG	Provider finished startup: XPIProvider
1465892252985	addons.manager	DEBUG	Starting provider: LightweightThemeManager
1465892252985	addons.manager	DEBUG	Registering shutdown blocker for LightweightThemeManager
1465892252985	addons.manager	DEBUG	Provider finished startup: LightweightThemeManager
1465892252986	addons.manager	DEBUG	Starting provider: GMPProvider
1465892252990	addons.manager	DEBUG	Registering shutdown blocker for GMPProvider
1465892252991	addons.manager	DEBUG	Provider finished startup: GMPProvider
1465892252991	addons.manager	DEBUG	Starting provider: PluginProvider
1465892252991	addons.manager	DEBUG	Registering shutdown blocker for PluginProvider
1465892252991	addons.manager	DEBUG	Provider finished startup: PluginProvider
1465892252992	addons.manager	DEBUG	Completed startup sequence
1465892253342	addons.manager	DEBUG	Starting provider: <unnamed-provider>
1465892253342	addons.manager	DEBUG	Registering shutdown blocker for <unnamed-provider>
1465892253342	addons.manager	DEBUG	Provider finished startup: <unnamed-provider>
1465892253348	DeferredSave.extensions.json	DEBUG	Starting write
1465892253597	addons.repository	DEBUG	No addons.json found.
1465892253597	DeferredSave.addons.json	DEBUG	Save changes
1465892253599	DeferredSave.addons.json	DEBUG	Starting timer
1465892253631	addons.manager	DEBUG	Starting provider: PreviousExperimentProvider
1465892253631	addons.manager	DEBUG	Registering shutdown blocker for PreviousExperimentProvider
1465892253631	addons.manager	DEBUG	Provider finished startup: PreviousExperimentProvider
1465892253635	DeferredSave.extensions.json	DEBUG	Write succeeded
1465892253636	addons.xpi-utils	DEBUG	XPI Database saved, setting schema version preference to 17
1465892253655	DeferredSave.addons.json	DEBUG	Starting write
1465892253672	DeferredSave.addons.json	DEBUG	Write succeeded

	at org.openqa.selenium.firefox.internal.NewProfileExtensionConnection.start(NewProfileExtensionConnection.java:120)
	... 31 more
]]>
    </error>
  </testcase> <!-- fillBasicInfo -->
</testsuite> <!-- com.expedia.testartifcat.TestNG_TestSuite -->
