<?xml version="1.0" encoding="UTF-8"?>
<!-- Generated by org.testng.reporters.JUnitReportReporter -->
<testsuite hostname="Maheshs-MacBook-Air.local" name="com.expedia.testartifcat.NewTest" tests="2" failures="0" timestamp="14 Jun 2016 08:27:01 GMT" time="0.003" errors="2">
  <testcase name="SelectHotels" time="0.001" classname="com.expedia.testartifcat.NewTest">
    <error type="org.openqa.selenium.WebDriverException" message="Failed to connect to binary FirefoxBinary(/Applications/Firefox.app/Contents/MacOS/firefox-bin) on port 7055; process output follows: 
74-a285-3208198ce6fd}&quot;,&quot;syncGUID&quot;:&quot;sHgUoyxuY9d-&quot;,&quot;location&quot;:&quot;app-global&quot;,&quot;version&quot;:&quot;46.0.1&quot;,&quot;type&quot;:&quot;theme&quot;,&quot;internalName&quot;:&quot;classic/1.0&quot;,&quot;updateURL&quot;:null,&quot;updateKey&quot;:null,&quot;optionsURL&quot;:null,&quot;optionsType&quot;:null,&quot;aboutURL&quot;:null,&quot;icons&quot;:{&quot;32&quot;:&quot;icon.png&quot;,&quot;48&quot;:&quot;icon.png&quot;},&quot;iconURL&quot;:null,&quot;icon64URL&quot;:null,&quot;defaultLocale&quot;:{&quot;name&quot;:&quot;Default&quot;,&quot;description&quot;:&quot;The default theme.&quot;,&quot;creator&quot;:&quot;Mozilla&quot;,&quot;homepageURL&quot;:null,&quot;contributors&quot;:[&quot;Mozilla Contributors&quot;]},&quot;visible&quot;:true,&quot;active&quot;:true,&quot;userDisabled&quot;:false,&quot;appDisabled&quot;:false,&quot;descriptor&quot;:&quot;/Applications/Firefox.app/Contents/Resources/browser/extensions/{972ce4c6-7e08-4474-a285-3208198ce6fd}.xpi&quot;,&quot;installDate&quot;:1462240482000,&quot;updateDate&quot;:1462240482000,&quot;applyBackgroundUpdates&quot;:1,&quot;skinnable&quot;:true,&quot;size&quot;:7140,&quot;sourceURI&quot;:null,&quot;releaseNotesURI&quot;:null,&quot;softDisabled&quot;:false,&quot;foreignInstall&quot;:false,&quot;hasBinaryComponents&quot;:false,&quot;strictCompatibility&quot;:true,&quot;locales&quot;:[],&quot;targetApplications&quot;:[{&quot;id&quot;:&quot;{ec8030f7-c20a-464f-9b0e-13a3a9e97384}&quot;,&quot;minVersion&quot;:&quot;46.0.1&quot;,&quot;maxVersion&quot;:&quot;46.0.1&quot;}],&quot;targetPlatforms&quot;:[],&quot;seen&quot;:true}
1465892776702	addons.xpi	DEBUG	getModTime: Recursive scan of {972ce4c6-7e08-4474-a285-3208198ce6fd}
1465892776703	DeferredSave.extensions.json	DEBUG	Save changes
1465892776704	addons.xpi	DEBUG	Updating database with changes to installed add-ons
1465892776704	addons.xpi-utils	DEBUG	Updating add-on states
1465892776704	addons.xpi-utils	DEBUG	Writing add-ons list
1465892776705	addons.xpi	DEBUG	Registering manifest for /Applications/Firefox.app/Contents/Resources/browser/features/e10srollout@mozilla.org.xpi
1465892776706	addons.xpi	DEBUG	Calling bootstrap method startup on e10srollout@mozilla.org version 1.0
1465892776706	addons.xpi	DEBUG	Registering manifest for /Applications/Firefox.app/Contents/Resources/browser/features/firefox@getpocket.com.xpi
1465892776706	addons.xpi	DEBUG	Calling bootstrap method startup on firefox@getpocket.com version 1.0
1465892776707	addons.xpi	DEBUG	Registering manifest for /Applications/Firefox.app/Contents/Resources/browser/features/loop@mozilla.org.xpi
1465892776708	addons.xpi	DEBUG	Calling bootstrap method startup on loop@mozilla.org version 1.2.6
1465892776732	addons.manager	DEBUG	Registering shutdown blocker for XPIProvider
1465892776732	addons.manager	DEBUG	Provider finished startup: XPIProvider
1465892776733	addons.manager	DEBUG	Starting provider: LightweightThemeManager
1465892776733	addons.manager	DEBUG	Registering shutdown blocker for LightweightThemeManager
1465892776733	addons.manager	DEBUG	Provider finished startup: LightweightThemeManager
1465892776734	addons.manager	DEBUG	Starting provider: GMPProvider
1465892776739	addons.manager	DEBUG	Registering shutdown blocker for GMPProvider
1465892776739	addons.manager	DEBUG	Provider finished startup: GMPProvider
1465892776739	addons.manager	DEBUG	Starting provider: PluginProvider
1465892776739	addons.manager	DEBUG	Registering shutdown blocker for PluginProvider
1465892776740	addons.manager	DEBUG	Provider finished startup: PluginProvider
1465892776740	addons.manager	DEBUG	Completed startup sequence
1465892777115	addons.manager	DEBUG	Starting provider: &lt;unnamed-provider&gt;
1465892777116	addons.manager	DEBUG	Registering shutdown blocker for &lt;unnamed-provider&gt;
1465892777116	addons.manager	DEBUG	Provider finished startup: &lt;unnamed-provider&gt;
1465892777124	DeferredSave.extensions.json	DEBUG	Starting write
1465892777341	addons.repository	DEBUG	No addons.json found.
1465892777342	DeferredSave.addons.json	DEBUG	Save changes
1465892777344	DeferredSave.addons.json	DEBUG	Starting timer
1465892777372	addons.manager	DEBUG	Starting provider: PreviousExperimentProvider
1465892777372	addons.manager	DEBUG	Registering shutdown blocker for PreviousExperimentProvider
1465892777372	addons.manager	DEBUG	Provider finished startup: PreviousExperimentProvider
1465892777377	DeferredSave.extensions.json	DEBUG	Write succeeded
1465892777378	addons.xpi-utils	DEBUG	XPI Database saved, setting schema version preference to 17
1465892777401	DeferredSave.addons.json	DEBUG	Starting write
1465892777411	DeferredSave.addons.json	DEBUG	Write succeeded

Build info: version: &#039;2.46.0&#039;, revision: &#039;61506a4624b13675f24581e453592342b7485d71&#039;, time: &#039;2015-06-04 10:22:50&#039;
System info: host: &#039;Maheshs-MacBook-Air.local&#039;, ip: &#039;192.168.0.101&#039;, os.name: &#039;Mac OS X&#039;, os.arch: &#039;x86_64&#039;, os.version: &#039;10.11.5&#039;, java.version: &#039;1.8.0_65&#039;
Driver info: driver.version: FirefoxDriver">
      <![CDATA[org.openqa.selenium.WebDriverException: Failed to connect to binary FirefoxBinary(/Applications/Firefox.app/Contents/MacOS/firefox-bin) on port 7055; process output follows: 
74-a285-3208198ce6fd}","syncGUID":"sHgUoyxuY9d-","location":"app-global","version":"46.0.1","type":"theme","internalName":"classic/1.0","updateURL":null,"updateKey":null,"optionsURL":null,"optionsType":null,"aboutURL":null,"icons":{"32":"icon.png","48":"icon.png"},"iconURL":null,"icon64URL":null,"defaultLocale":{"name":"Default","description":"The default theme.","creator":"Mozilla","homepageURL":null,"contributors":["Mozilla Contributors"]},"visible":true,"active":true,"userDisabled":false,"appDisabled":false,"descriptor":"/Applications/Firefox.app/Contents/Resources/browser/extensions/{972ce4c6-7e08-4474-a285-3208198ce6fd}.xpi","installDate":1462240482000,"updateDate":1462240482000,"applyBackgroundUpdates":1,"skinnable":true,"size":7140,"sourceURI":null,"releaseNotesURI":null,"softDisabled":false,"foreignInstall":false,"hasBinaryComponents":false,"strictCompatibility":true,"locales":[],"targetApplications":[{"id":"{ec8030f7-c20a-464f-9b0e-13a3a9e97384}","minVersion":"46.0.1","maxVersion":"46.0.1"}],"targetPlatforms":[],"seen":true}
1465892776702	addons.xpi	DEBUG	getModTime: Recursive scan of {972ce4c6-7e08-4474-a285-3208198ce6fd}
1465892776703	DeferredSave.extensions.json	DEBUG	Save changes
1465892776704	addons.xpi	DEBUG	Updating database with changes to installed add-ons
1465892776704	addons.xpi-utils	DEBUG	Updating add-on states
1465892776704	addons.xpi-utils	DEBUG	Writing add-ons list
1465892776705	addons.xpi	DEBUG	Registering manifest for /Applications/Firefox.app/Contents/Resources/browser/features/e10srollout@mozilla.org.xpi
1465892776706	addons.xpi	DEBUG	Calling bootstrap method startup on e10srollout@mozilla.org version 1.0
1465892776706	addons.xpi	DEBUG	Registering manifest for /Applications/Firefox.app/Contents/Resources/browser/features/firefox@getpocket.com.xpi
1465892776706	addons.xpi	DEBUG	Calling bootstrap method startup on firefox@getpocket.com version 1.0
1465892776707	addons.xpi	DEBUG	Registering manifest for /Applications/Firefox.app/Contents/Resources/browser/features/loop@mozilla.org.xpi
1465892776708	addons.xpi	DEBUG	Calling bootstrap method startup on loop@mozilla.org version 1.2.6
1465892776732	addons.manager	DEBUG	Registering shutdown blocker for XPIProvider
1465892776732	addons.manager	DEBUG	Provider finished startup: XPIProvider
1465892776733	addons.manager	DEBUG	Starting provider: LightweightThemeManager
1465892776733	addons.manager	DEBUG	Registering shutdown blocker for LightweightThemeManager
1465892776733	addons.manager	DEBUG	Provider finished startup: LightweightThemeManager
1465892776734	addons.manager	DEBUG	Starting provider: GMPProvider
1465892776739	addons.manager	DEBUG	Registering shutdown blocker for GMPProvider
1465892776739	addons.manager	DEBUG	Provider finished startup: GMPProvider
1465892776739	addons.manager	DEBUG	Starting provider: PluginProvider
1465892776739	addons.manager	DEBUG	Registering shutdown blocker for PluginProvider
1465892776740	addons.manager	DEBUG	Provider finished startup: PluginProvider
1465892776740	addons.manager	DEBUG	Completed startup sequence
1465892777115	addons.manager	DEBUG	Starting provider: <unnamed-provider>
1465892777116	addons.manager	DEBUG	Registering shutdown blocker for <unnamed-provider>
1465892777116	addons.manager	DEBUG	Provider finished startup: <unnamed-provider>
1465892777124	DeferredSave.extensions.json	DEBUG	Starting write
1465892777341	addons.repository	DEBUG	No addons.json found.
1465892777342	DeferredSave.addons.json	DEBUG	Save changes
1465892777344	DeferredSave.addons.json	DEBUG	Starting timer
1465892777372	addons.manager	DEBUG	Starting provider: PreviousExperimentProvider
1465892777372	addons.manager	DEBUG	Registering shutdown blocker for PreviousExperimentProvider
1465892777372	addons.manager	DEBUG	Provider finished startup: PreviousExperimentProvider
1465892777377	DeferredSave.extensions.json	DEBUG	Write succeeded
1465892777378	addons.xpi-utils	DEBUG	XPI Database saved, setting schema version preference to 17
1465892777401	DeferredSave.addons.json	DEBUG	Starting write
1465892777411	DeferredSave.addons.json	DEBUG	Write succeeded

Build info: version: '2.46.0', revision: '61506a4624b13675f24581e453592342b7485d71', time: '2015-06-04 10:22:50'
System info: host: 'Maheshs-MacBook-Air.local', ip: '192.168.0.101', os.name: 'Mac OS X', os.arch: 'x86_64', os.version: '10.11.5', java.version: '1.8.0_65'
Driver info: driver.version: FirefoxDriver
	at org.openqa.selenium.firefox.internal.NewProfileExtensionConnection.start(NewProfileExtensionConnection.java:132)
	at org.openqa.selenium.firefox.FirefoxDriver.startClient(FirefoxDriver.java:275)
	at org.openqa.selenium.remote.RemoteWebDriver.<init>(RemoteWebDriver.java:116)
	at org.openqa.selenium.firefox.FirefoxDriver.<init>(FirefoxDriver.java:220)
	at org.openqa.selenium.firefox.FirefoxDriver.<init>(FirefoxDriver.java:215)
	at org.openqa.selenium.firefox.FirefoxDriver.<init>(FirefoxDriver.java:211)
	at org.openqa.selenium.firefox.FirefoxDriver.<init>(FirefoxDriver.java:124)
	at com.expedia.testartifcat.NewTest.beforemethod(NewTest.java:37)
	at sun.reflect.NativeMethodAccessorImpl.invoke0(Native Method)
	at sun.reflect.NativeMethodAccessorImpl.invoke(NativeMethodAccessorImpl.java:62)
	at sun.reflect.DelegatingMethodAccessorImpl.invoke(DelegatingMethodAccessorImpl.java:43)
	at java.lang.reflect.Method.invoke(Method.java:497)
	at org.testng.internal.MethodInvocationHelper.invokeMethod(MethodInvocationHelper.java:85)
	at org.testng.internal.Invoker.invokeConfigurationMethod(Invoker.java:510)
	at org.testng.internal.Invoker.invokeConfigurations(Invoker.java:211)
	at org.testng.internal.Invoker.invokeMethod(Invoker.java:585)
	at org.testng.internal.Invoker.invokeTestMethod(Invoker.java:816)
	at org.testng.internal.Invoker.invokeTestMethods(Invoker.java:1124)
	at org.testng.internal.TestMethodWorker.invokeTestMethods(TestMethodWorker.java:125)
	at org.testng.internal.TestMethodWorker.run(TestMethodWorker.java:108)
	at org.testng.TestRunner.privateRun(TestRunner.java:774)
	at org.testng.TestRunner.run(TestRunner.java:624)
	at org.testng.SuiteRunner.runTest(SuiteRunner.java:359)
	at org.testng.SuiteRunner.runSequentially(SuiteRunner.java:354)
	at org.testng.SuiteRunner.privateRun(SuiteRunner.java:312)
	at org.testng.SuiteRunner.run(SuiteRunner.java:261)
	at org.testng.SuiteRunnerWorker.runSuite(SuiteRunnerWorker.java:52)
	at org.testng.SuiteRunnerWorker.run(SuiteRunnerWorker.java:86)
	at org.testng.TestNG.runSuitesSequentially(TestNG.java:1215)
	at org.testng.TestNG.runSuitesLocally(TestNG.java:1140)
	at org.testng.TestNG.run(TestNG.java:1048)
	at org.testng.remote.AbstractRemoteTestNG.run(AbstractRemoteTestNG.java:126)
	at org.testng.remote.RemoteTestNG.initAndRun(RemoteTestNG.java:137)
	at org.testng.remote.RemoteTestNG.main(RemoteTestNG.java:58)
Caused by: org.openqa.selenium.firefox.NotConnectedException: Unable to connect to host 127.0.0.1 on port 7055 after 45000 ms. Firefox console output:
74-a285-3208198ce6fd}","syncGUID":"sHgUoyxuY9d-","location":"app-global","version":"46.0.1","type":"theme","internalName":"classic/1.0","updateURL":null,"updateKey":null,"optionsURL":null,"optionsType":null,"aboutURL":null,"icons":{"32":"icon.png","48":"icon.png"},"iconURL":null,"icon64URL":null,"defaultLocale":{"name":"Default","description":"The default theme.","creator":"Mozilla","homepageURL":null,"contributors":["Mozilla Contributors"]},"visible":true,"active":true,"userDisabled":false,"appDisabled":false,"descriptor":"/Applications/Firefox.app/Contents/Resources/browser/extensions/{972ce4c6-7e08-4474-a285-3208198ce6fd}.xpi","installDate":1462240482000,"updateDate":1462240482000,"applyBackgroundUpdates":1,"skinnable":true,"size":7140,"sourceURI":null,"releaseNotesURI":null,"softDisabled":false,"foreignInstall":false,"hasBinaryComponents":false,"strictCompatibility":true,"locales":[],"targetApplications":[{"id":"{ec8030f7-c20a-464f-9b0e-13a3a9e97384}","minVersion":"46.0.1","maxVersion":"46.0.1"}],"targetPlatforms":[],"seen":true}
1465892776702	addons.xpi	DEBUG	getModTime: Recursive scan of {972ce4c6-7e08-4474-a285-3208198ce6fd}
1465892776703	DeferredSave.extensions.json	DEBUG	Save changes
1465892776704	addons.xpi	DEBUG	Updating database with changes to installed add-ons
1465892776704	addons.xpi-utils	DEBUG	Updating add-on states
1465892776704	addons.xpi-utils	DEBUG	Writing add-ons list
1465892776705	addons.xpi	DEBUG	Registering manifest for /Applications/Firefox.app/Contents/Resources/browser/features/e10srollout@mozilla.org.xpi
1465892776706	addons.xpi	DEBUG	Calling bootstrap method startup on e10srollout@mozilla.org version 1.0
1465892776706	addons.xpi	DEBUG	Registering manifest for /Applications/Firefox.app/Contents/Resources/browser/features/firefox@getpocket.com.xpi
1465892776706	addons.xpi	DEBUG	Calling bootstrap method startup on firefox@getpocket.com version 1.0
1465892776707	addons.xpi	DEBUG	Registering manifest for /Applications/Firefox.app/Contents/Resources/browser/features/loop@mozilla.org.xpi
1465892776708	addons.xpi	DEBUG	Calling bootstrap method startup on loop@mozilla.org version 1.2.6
1465892776732	addons.manager	DEBUG	Registering shutdown blocker for XPIProvider
1465892776732	addons.manager	DEBUG	Provider finished startup: XPIProvider
1465892776733	addons.manager	DEBUG	Starting provider: LightweightThemeManager
1465892776733	addons.manager	DEBUG	Registering shutdown blocker for LightweightThemeManager
1465892776733	addons.manager	DEBUG	Provider finished startup: LightweightThemeManager
1465892776734	addons.manager	DEBUG	Starting provider: GMPProvider
1465892776739	addons.manager	DEBUG	Registering shutdown blocker for GMPProvider
1465892776739	addons.manager	DEBUG	Provider finished startup: GMPProvider
1465892776739	addons.manager	DEBUG	Starting provider: PluginProvider
1465892776739	addons.manager	DEBUG	Registering shutdown blocker for PluginProvider
1465892776740	addons.manager	DEBUG	Provider finished startup: PluginProvider
1465892776740	addons.manager	DEBUG	Completed startup sequence
1465892777115	addons.manager	DEBUG	Starting provider: <unnamed-provider>
1465892777116	addons.manager	DEBUG	Registering shutdown blocker for <unnamed-provider>
1465892777116	addons.manager	DEBUG	Provider finished startup: <unnamed-provider>
1465892777124	DeferredSave.extensions.json	DEBUG	Starting write
1465892777341	addons.repository	DEBUG	No addons.json found.
1465892777342	DeferredSave.addons.json	DEBUG	Save changes
1465892777344	DeferredSave.addons.json	DEBUG	Starting timer
1465892777372	addons.manager	DEBUG	Starting provider: PreviousExperimentProvider
1465892777372	addons.manager	DEBUG	Registering shutdown blocker for PreviousExperimentProvider
1465892777372	addons.manager	DEBUG	Provider finished startup: PreviousExperimentProvider
1465892777377	DeferredSave.extensions.json	DEBUG	Write succeeded
1465892777378	addons.xpi-utils	DEBUG	XPI Database saved, setting schema version preference to 17
1465892777401	DeferredSave.addons.json	DEBUG	Starting write
1465892777411	DeferredSave.addons.json	DEBUG	Write succeeded

	at org.openqa.selenium.firefox.internal.NewProfileExtensionConnection.start(NewProfileExtensionConnection.java:120)
	... 33 more
]]>
    </error>
  </testcase> <!-- SelectHotels -->
  <testcase name="SelectFlights" time="0.002" classname="com.expedia.testartifcat.NewTest">
    <error type="org.openqa.selenium.WebDriverException" message="Failed to connect to binary FirefoxBinary(/Applications/Firefox.app/Contents/MacOS/firefox-bin) on port 7055; process output follows: 
74-a285-3208198ce6fd}&quot;,&quot;syncGUID&quot;:&quot;sHgUoyxuY9d-&quot;,&quot;location&quot;:&quot;app-global&quot;,&quot;version&quot;:&quot;46.0.1&quot;,&quot;type&quot;:&quot;theme&quot;,&quot;internalName&quot;:&quot;classic/1.0&quot;,&quot;updateURL&quot;:null,&quot;updateKey&quot;:null,&quot;optionsURL&quot;:null,&quot;optionsType&quot;:null,&quot;aboutURL&quot;:null,&quot;icons&quot;:{&quot;32&quot;:&quot;icon.png&quot;,&quot;48&quot;:&quot;icon.png&quot;},&quot;iconURL&quot;:null,&quot;icon64URL&quot;:null,&quot;defaultLocale&quot;:{&quot;name&quot;:&quot;Default&quot;,&quot;description&quot;:&quot;The default theme.&quot;,&quot;creator&quot;:&quot;Mozilla&quot;,&quot;homepageURL&quot;:null,&quot;contributors&quot;:[&quot;Mozilla Contributors&quot;]},&quot;visible&quot;:true,&quot;active&quot;:true,&quot;userDisabled&quot;:false,&quot;appDisabled&quot;:false,&quot;descriptor&quot;:&quot;/Applications/Firefox.app/Contents/Resources/browser/extensions/{972ce4c6-7e08-4474-a285-3208198ce6fd}.xpi&quot;,&quot;installDate&quot;:1462240482000,&quot;updateDate&quot;:1462240482000,&quot;applyBackgroundUpdates&quot;:1,&quot;skinnable&quot;:true,&quot;size&quot;:7140,&quot;sourceURI&quot;:null,&quot;releaseNotesURI&quot;:null,&quot;softDisabled&quot;:false,&quot;foreignInstall&quot;:false,&quot;hasBinaryComponents&quot;:false,&quot;strictCompatibility&quot;:true,&quot;locales&quot;:[],&quot;targetApplications&quot;:[{&quot;id&quot;:&quot;{ec8030f7-c20a-464f-9b0e-13a3a9e97384}&quot;,&quot;minVersion&quot;:&quot;46.0.1&quot;,&quot;maxVersion&quot;:&quot;46.0.1&quot;}],&quot;targetPlatforms&quot;:[],&quot;seen&quot;:true}
1465892776702	addons.xpi	DEBUG	getModTime: Recursive scan of {972ce4c6-7e08-4474-a285-3208198ce6fd}
1465892776703	DeferredSave.extensions.json	DEBUG	Save changes
1465892776704	addons.xpi	DEBUG	Updating database with changes to installed add-ons
1465892776704	addons.xpi-utils	DEBUG	Updating add-on states
1465892776704	addons.xpi-utils	DEBUG	Writing add-ons list
1465892776705	addons.xpi	DEBUG	Registering manifest for /Applications/Firefox.app/Contents/Resources/browser/features/e10srollout@mozilla.org.xpi
1465892776706	addons.xpi	DEBUG	Calling bootstrap method startup on e10srollout@mozilla.org version 1.0
1465892776706	addons.xpi	DEBUG	Registering manifest for /Applications/Firefox.app/Contents/Resources/browser/features/firefox@getpocket.com.xpi
1465892776706	addons.xpi	DEBUG	Calling bootstrap method startup on firefox@getpocket.com version 1.0
1465892776707	addons.xpi	DEBUG	Registering manifest for /Applications/Firefox.app/Contents/Resources/browser/features/loop@mozilla.org.xpi
1465892776708	addons.xpi	DEBUG	Calling bootstrap method startup on loop@mozilla.org version 1.2.6
1465892776732	addons.manager	DEBUG	Registering shutdown blocker for XPIProvider
1465892776732	addons.manager	DEBUG	Provider finished startup: XPIProvider
1465892776733	addons.manager	DEBUG	Starting provider: LightweightThemeManager
1465892776733	addons.manager	DEBUG	Registering shutdown blocker for LightweightThemeManager
1465892776733	addons.manager	DEBUG	Provider finished startup: LightweightThemeManager
1465892776734	addons.manager	DEBUG	Starting provider: GMPProvider
1465892776739	addons.manager	DEBUG	Registering shutdown blocker for GMPProvider
1465892776739	addons.manager	DEBUG	Provider finished startup: GMPProvider
1465892776739	addons.manager	DEBUG	Starting provider: PluginProvider
1465892776739	addons.manager	DEBUG	Registering shutdown blocker for PluginProvider
1465892776740	addons.manager	DEBUG	Provider finished startup: PluginProvider
1465892776740	addons.manager	DEBUG	Completed startup sequence
1465892777115	addons.manager	DEBUG	Starting provider: &lt;unnamed-provider&gt;
1465892777116	addons.manager	DEBUG	Registering shutdown blocker for &lt;unnamed-provider&gt;
1465892777116	addons.manager	DEBUG	Provider finished startup: &lt;unnamed-provider&gt;
1465892777124	DeferredSave.extensions.json	DEBUG	Starting write
1465892777341	addons.repository	DEBUG	No addons.json found.
1465892777342	DeferredSave.addons.json	DEBUG	Save changes
1465892777344	DeferredSave.addons.json	DEBUG	Starting timer
1465892777372	addons.manager	DEBUG	Starting provider: PreviousExperimentProvider
1465892777372	addons.manager	DEBUG	Registering shutdown blocker for PreviousExperimentProvider
1465892777372	addons.manager	DEBUG	Provider finished startup: PreviousExperimentProvider
1465892777377	DeferredSave.extensions.json	DEBUG	Write succeeded
1465892777378	addons.xpi-utils	DEBUG	XPI Database saved, setting schema version preference to 17
1465892777401	DeferredSave.addons.json	DEBUG	Starting write
1465892777411	DeferredSave.addons.json	DEBUG	Write succeeded

Build info: version: &#039;2.46.0&#039;, revision: &#039;61506a4624b13675f24581e453592342b7485d71&#039;, time: &#039;2015-06-04 10:22:50&#039;
System info: host: &#039;Maheshs-MacBook-Air.local&#039;, ip: &#039;192.168.0.101&#039;, os.name: &#039;Mac OS X&#039;, os.arch: &#039;x86_64&#039;, os.version: &#039;10.11.5&#039;, java.version: &#039;1.8.0_65&#039;
Driver info: driver.version: FirefoxDriver">
      <![CDATA[org.openqa.selenium.WebDriverException: Failed to connect to binary FirefoxBinary(/Applications/Firefox.app/Contents/MacOS/firefox-bin) on port 7055; process output follows: 
74-a285-3208198ce6fd}","syncGUID":"sHgUoyxuY9d-","location":"app-global","version":"46.0.1","type":"theme","internalName":"classic/1.0","updateURL":null,"updateKey":null,"optionsURL":null,"optionsType":null,"aboutURL":null,"icons":{"32":"icon.png","48":"icon.png"},"iconURL":null,"icon64URL":null,"defaultLocale":{"name":"Default","description":"The default theme.","creator":"Mozilla","homepageURL":null,"contributors":["Mozilla Contributors"]},"visible":true,"active":true,"userDisabled":false,"appDisabled":false,"descriptor":"/Applications/Firefox.app/Contents/Resources/browser/extensions/{972ce4c6-7e08-4474-a285-3208198ce6fd}.xpi","installDate":1462240482000,"updateDate":1462240482000,"applyBackgroundUpdates":1,"skinnable":true,"size":7140,"sourceURI":null,"releaseNotesURI":null,"softDisabled":false,"foreignInstall":false,"hasBinaryComponents":false,"strictCompatibility":true,"locales":[],"targetApplications":[{"id":"{ec8030f7-c20a-464f-9b0e-13a3a9e97384}","minVersion":"46.0.1","maxVersion":"46.0.1"}],"targetPlatforms":[],"seen":true}
1465892776702	addons.xpi	DEBUG	getModTime: Recursive scan of {972ce4c6-7e08-4474-a285-3208198ce6fd}
1465892776703	DeferredSave.extensions.json	DEBUG	Save changes
1465892776704	addons.xpi	DEBUG	Updating database with changes to installed add-ons
1465892776704	addons.xpi-utils	DEBUG	Updating add-on states
1465892776704	addons.xpi-utils	DEBUG	Writing add-ons list
1465892776705	addons.xpi	DEBUG	Registering manifest for /Applications/Firefox.app/Contents/Resources/browser/features/e10srollout@mozilla.org.xpi
1465892776706	addons.xpi	DEBUG	Calling bootstrap method startup on e10srollout@mozilla.org version 1.0
1465892776706	addons.xpi	DEBUG	Registering manifest for /Applications/Firefox.app/Contents/Resources/browser/features/firefox@getpocket.com.xpi
1465892776706	addons.xpi	DEBUG	Calling bootstrap method startup on firefox@getpocket.com version 1.0
1465892776707	addons.xpi	DEBUG	Registering manifest for /Applications/Firefox.app/Contents/Resources/browser/features/loop@mozilla.org.xpi
1465892776708	addons.xpi	DEBUG	Calling bootstrap method startup on loop@mozilla.org version 1.2.6
1465892776732	addons.manager	DEBUG	Registering shutdown blocker for XPIProvider
1465892776732	addons.manager	DEBUG	Provider finished startup: XPIProvider
1465892776733	addons.manager	DEBUG	Starting provider: LightweightThemeManager
1465892776733	addons.manager	DEBUG	Registering shutdown blocker for LightweightThemeManager
1465892776733	addons.manager	DEBUG	Provider finished startup: LightweightThemeManager
1465892776734	addons.manager	DEBUG	Starting provider: GMPProvider
1465892776739	addons.manager	DEBUG	Registering shutdown blocker for GMPProvider
1465892776739	addons.manager	DEBUG	Provider finished startup: GMPProvider
1465892776739	addons.manager	DEBUG	Starting provider: PluginProvider
1465892776739	addons.manager	DEBUG	Registering shutdown blocker for PluginProvider
1465892776740	addons.manager	DEBUG	Provider finished startup: PluginProvider
1465892776740	addons.manager	DEBUG	Completed startup sequence
1465892777115	addons.manager	DEBUG	Starting provider: <unnamed-provider>
1465892777116	addons.manager	DEBUG	Registering shutdown blocker for <unnamed-provider>
1465892777116	addons.manager	DEBUG	Provider finished startup: <unnamed-provider>
1465892777124	DeferredSave.extensions.json	DEBUG	Starting write
1465892777341	addons.repository	DEBUG	No addons.json found.
1465892777342	DeferredSave.addons.json	DEBUG	Save changes
1465892777344	DeferredSave.addons.json	DEBUG	Starting timer
1465892777372	addons.manager	DEBUG	Starting provider: PreviousExperimentProvider
1465892777372	addons.manager	DEBUG	Registering shutdown blocker for PreviousExperimentProvider
1465892777372	addons.manager	DEBUG	Provider finished startup: PreviousExperimentProvider
1465892777377	DeferredSave.extensions.json	DEBUG	Write succeeded
1465892777378	addons.xpi-utils	DEBUG	XPI Database saved, setting schema version preference to 17
1465892777401	DeferredSave.addons.json	DEBUG	Starting write
1465892777411	DeferredSave.addons.json	DEBUG	Write succeeded

Build info: version: '2.46.0', revision: '61506a4624b13675f24581e453592342b7485d71', time: '2015-06-04 10:22:50'
System info: host: 'Maheshs-MacBook-Air.local', ip: '192.168.0.101', os.name: 'Mac OS X', os.arch: 'x86_64', os.version: '10.11.5', java.version: '1.8.0_65'
Driver info: driver.version: FirefoxDriver
	at org.openqa.selenium.firefox.internal.NewProfileExtensionConnection.start(NewProfileExtensionConnection.java:132)
	at org.openqa.selenium.firefox.FirefoxDriver.startClient(FirefoxDriver.java:275)
	at org.openqa.selenium.remote.RemoteWebDriver.<init>(RemoteWebDriver.java:116)
	at org.openqa.selenium.firefox.FirefoxDriver.<init>(FirefoxDriver.java:220)
	at org.openqa.selenium.firefox.FirefoxDriver.<init>(FirefoxDriver.java:215)
	at org.openqa.selenium.firefox.FirefoxDriver.<init>(FirefoxDriver.java:211)
	at org.openqa.selenium.firefox.FirefoxDriver.<init>(FirefoxDriver.java:124)
	at com.expedia.testartifcat.NewTest.beforemethod(NewTest.java:37)
	at sun.reflect.NativeMethodAccessorImpl.invoke0(Native Method)
	at sun.reflect.NativeMethodAccessorImpl.invoke(NativeMethodAccessorImpl.java:62)
	at sun.reflect.DelegatingMethodAccessorImpl.invoke(DelegatingMethodAccessorImpl.java:43)
	at java.lang.reflect.Method.invoke(Method.java:497)
	at org.testng.internal.MethodInvocationHelper.invokeMethod(MethodInvocationHelper.java:85)
	at org.testng.internal.Invoker.invokeConfigurationMethod(Invoker.java:510)
	at org.testng.internal.Invoker.invokeConfigurations(Invoker.java:211)
	at org.testng.internal.Invoker.invokeMethod(Invoker.java:585)
	at org.testng.internal.Invoker.invokeTestMethod(Invoker.java:816)
	at org.testng.internal.Invoker.invokeTestMethods(Invoker.java:1124)
	at org.testng.internal.TestMethodWorker.invokeTestMethods(TestMethodWorker.java:125)
	at org.testng.internal.TestMethodWorker.run(TestMethodWorker.java:108)
	at org.testng.TestRunner.privateRun(TestRunner.java:774)
	at org.testng.TestRunner.run(TestRunner.java:624)
	at org.testng.SuiteRunner.runTest(SuiteRunner.java:359)
	at org.testng.SuiteRunner.runSequentially(SuiteRunner.java:354)
	at org.testng.SuiteRunner.privateRun(SuiteRunner.java:312)
	at org.testng.SuiteRunner.run(SuiteRunner.java:261)
	at org.testng.SuiteRunnerWorker.runSuite(SuiteRunnerWorker.java:52)
	at org.testng.SuiteRunnerWorker.run(SuiteRunnerWorker.java:86)
	at org.testng.TestNG.runSuitesSequentially(TestNG.java:1215)
	at org.testng.TestNG.runSuitesLocally(TestNG.java:1140)
	at org.testng.TestNG.run(TestNG.java:1048)
	at org.testng.remote.AbstractRemoteTestNG.run(AbstractRemoteTestNG.java:126)
	at org.testng.remote.RemoteTestNG.initAndRun(RemoteTestNG.java:137)
	at org.testng.remote.RemoteTestNG.main(RemoteTestNG.java:58)
Caused by: org.openqa.selenium.firefox.NotConnectedException: Unable to connect to host 127.0.0.1 on port 7055 after 45000 ms. Firefox console output:
74-a285-3208198ce6fd}","syncGUID":"sHgUoyxuY9d-","location":"app-global","version":"46.0.1","type":"theme","internalName":"classic/1.0","updateURL":null,"updateKey":null,"optionsURL":null,"optionsType":null,"aboutURL":null,"icons":{"32":"icon.png","48":"icon.png"},"iconURL":null,"icon64URL":null,"defaultLocale":{"name":"Default","description":"The default theme.","creator":"Mozilla","homepageURL":null,"contributors":["Mozilla Contributors"]},"visible":true,"active":true,"userDisabled":false,"appDisabled":false,"descriptor":"/Applications/Firefox.app/Contents/Resources/browser/extensions/{972ce4c6-7e08-4474-a285-3208198ce6fd}.xpi","installDate":1462240482000,"updateDate":1462240482000,"applyBackgroundUpdates":1,"skinnable":true,"size":7140,"sourceURI":null,"releaseNotesURI":null,"softDisabled":false,"foreignInstall":false,"hasBinaryComponents":false,"strictCompatibility":true,"locales":[],"targetApplications":[{"id":"{ec8030f7-c20a-464f-9b0e-13a3a9e97384}","minVersion":"46.0.1","maxVersion":"46.0.1"}],"targetPlatforms":[],"seen":true}
1465892776702	addons.xpi	DEBUG	getModTime: Recursive scan of {972ce4c6-7e08-4474-a285-3208198ce6fd}
1465892776703	DeferredSave.extensions.json	DEBUG	Save changes
1465892776704	addons.xpi	DEBUG	Updating database with changes to installed add-ons
1465892776704	addons.xpi-utils	DEBUG	Updating add-on states
1465892776704	addons.xpi-utils	DEBUG	Writing add-ons list
1465892776705	addons.xpi	DEBUG	Registering manifest for /Applications/Firefox.app/Contents/Resources/browser/features/e10srollout@mozilla.org.xpi
1465892776706	addons.xpi	DEBUG	Calling bootstrap method startup on e10srollout@mozilla.org version 1.0
1465892776706	addons.xpi	DEBUG	Registering manifest for /Applications/Firefox.app/Contents/Resources/browser/features/firefox@getpocket.com.xpi
1465892776706	addons.xpi	DEBUG	Calling bootstrap method startup on firefox@getpocket.com version 1.0
1465892776707	addons.xpi	DEBUG	Registering manifest for /Applications/Firefox.app/Contents/Resources/browser/features/loop@mozilla.org.xpi
1465892776708	addons.xpi	DEBUG	Calling bootstrap method startup on loop@mozilla.org version 1.2.6
1465892776732	addons.manager	DEBUG	Registering shutdown blocker for XPIProvider
1465892776732	addons.manager	DEBUG	Provider finished startup: XPIProvider
1465892776733	addons.manager	DEBUG	Starting provider: LightweightThemeManager
1465892776733	addons.manager	DEBUG	Registering shutdown blocker for LightweightThemeManager
1465892776733	addons.manager	DEBUG	Provider finished startup: LightweightThemeManager
1465892776734	addons.manager	DEBUG	Starting provider: GMPProvider
1465892776739	addons.manager	DEBUG	Registering shutdown blocker for GMPProvider
1465892776739	addons.manager	DEBUG	Provider finished startup: GMPProvider
1465892776739	addons.manager	DEBUG	Starting provider: PluginProvider
1465892776739	addons.manager	DEBUG	Registering shutdown blocker for PluginProvider
1465892776740	addons.manager	DEBUG	Provider finished startup: PluginProvider
1465892776740	addons.manager	DEBUG	Completed startup sequence
1465892777115	addons.manager	DEBUG	Starting provider: <unnamed-provider>
1465892777116	addons.manager	DEBUG	Registering shutdown blocker for <unnamed-provider>
1465892777116	addons.manager	DEBUG	Provider finished startup: <unnamed-provider>
1465892777124	DeferredSave.extensions.json	DEBUG	Starting write
1465892777341	addons.repository	DEBUG	No addons.json found.
1465892777342	DeferredSave.addons.json	DEBUG	Save changes
1465892777344	DeferredSave.addons.json	DEBUG	Starting timer
1465892777372	addons.manager	DEBUG	Starting provider: PreviousExperimentProvider
1465892777372	addons.manager	DEBUG	Registering shutdown blocker for PreviousExperimentProvider
1465892777372	addons.manager	DEBUG	Provider finished startup: PreviousExperimentProvider
1465892777377	DeferredSave.extensions.json	DEBUG	Write succeeded
1465892777378	addons.xpi-utils	DEBUG	XPI Database saved, setting schema version preference to 17
1465892777401	DeferredSave.addons.json	DEBUG	Starting write
1465892777411	DeferredSave.addons.json	DEBUG	Write succeeded

	at org.openqa.selenium.firefox.internal.NewProfileExtensionConnection.start(NewProfileExtensionConnection.java:120)
	... 33 more
]]>
    </error>
  </testcase> <!-- SelectFlights -->
</testsuite> <!-- com.expedia.testartifcat.NewTest -->
