<?xml version="1.0" encoding="UTF-8"?>
<!-- Generated by org.testng.reporters.JUnitReportReporter -->
<testsuite hostname="Maheshs-MacBook-Air.local" name="com.expedia.testartifcat.TestNG_Grouping" tests="4" failures="0" timestamp="14 Jun 2016 14:24:09 GMT" time="0.012" errors="0">
  <testcase name="BMWX3" time="0.009" classname="com.expedia.testartifcat.TestNG_Grouping"/>
  <testcase name="AudiA6" time="0.002" classname="com.expedia.testartifcat.TestNG_Grouping"/>
  <testcase name="BMW3Series" time="0.001" classname="com.expedia.testartifcat.TestNG_Grouping"/>
  <testcase name="HondaAccord" time="0.000" classname="com.expedia.testartifcat.TestNG_Grouping"/>
</testsuite> <!-- com.expedia.testartifcat.TestNG_Grouping -->
