<?xml version="1.0" encoding="UTF-8"?>
<!-- Generated by org.testng.reporters.JUnitReportReporter -->
<testsuite hostname="Maheshs-MacBook-Air.local" name="com.expedia.testartifcat.TestNG_TestSuite" tests="1" failures="0" timestamp="14 Jun 2016 14:00:47 GMT" time="6.763" errors="0">
  <testcase name="fillBasicInfo" time="6.763" classname="com.expedia.testartifcat.TestNG_TestSuite"/>
</testsuite> <!-- com.expedia.testartifcat.TestNG_TestSuite -->
